# JRE version: Java(TM) SE Runtime Environment (24.0.2+12) (build 24.0.2+12-54)
# Java VM: Java HotSpot(TM) 64-Bit Server VM (24.0.2+12-54, mixed mode, sharing, tiered, compressed oops, compressed class ptrs, g1 gc, windows-amd64)
GC Precious Log:
 CardTable entry size: 512
 Card Set container configuration: InlinePtr #cards 5 size 8 Array Of Cards #cards 10 size 36 Howl #buckets 4 coarsen threshold 1843 Howl Bitmap #cards 512 size 80 coarsen threshold 460 Card regions per heap region 1 cards per card region 2048
 CPUs: 16 total, 16 available
 Memory: 16202M
 Large Page Support: Disabled
 NUMA Support: Disabled
 Compressed Oops: Enabled (32-bit)
 Heap Region Size: 1M
 Heap Min Capacity: 8M
 Heap Initial Capacity: 254M
 Heap Max Capacity: 1536M
 Pre-touch: Disabled
 Parallel Workers: 13
 Concurrent Workers: 3
 Concurrent Refinement Workers: 13
 Periodic GC: Disabled
Heap:
 garbage-first heap   total reserved 1572864K, committed 107520K, used 59605K [0x00000000a0000000, 0x0000000100000000)
  region size 1024K, 26 young (26624K), 1 survivors (1024K)
 Metaspace       used 35714K, committed 36736K, reserved 1114112K
  class space    used 3920K, committed 4416K, reserved 1048576K
GC Heap History (12 events):
Event: 1.269 GC heap before
{Heap before GC invocations=0 (full 0):
 garbage-first heap   total reserved 1572864K, committed 262144K, used 52340K [0x00000000a0000000, 0x0000000100000000)
  region size 1024K, 47 young (48128K), 0 survivors (0K)
 Metaspace       used 4507K, committed 4736K, reserved 1114112K
  class space    used 386K, committed 512K, reserved 1048576K
}
Event: 1.276 GC heap after
{Heap after GC invocations=1 (full 0):
 garbage-first heap   total reserved 1572864K, committed 262144K, used 11722K [0x00000000a0000000, 0x0000000100000000)
  region size 1024K, 6 young (6144K), 6 survivors (6144K)
 Metaspace       used 4507K, committed 4736K, reserved 1114112K
  class space    used 386K, committed 512K, reserved 1048576K
}
Event: 3.263 GC heap before
{Heap before GC invocations=1 (full 0):
 garbage-first heap   total reserved 1572864K, committed 262144K, used 120266K [0x00000000a0000000, 0x0000000100000000)
  region size 1024K, 111 young (113664K), 6 survivors (6144K)
 Metaspace       used 14724K, committed 15168K, reserved 1114112K
  class space    used 1533K, committed 1728K, reserved 1048576K
}
Event: 3.270 GC heap after
{Heap after GC invocations=2 (full 0):
 garbage-first heap   total reserved 1572864K, committed 262144K, used 21172K [0x00000000a0000000, 0x0000000100000000)
  region size 1024K, 14 young (14336K), 14 survivors (14336K)
 Metaspace       used 14724K, committed 15168K, reserved 1114112K
  class space    used 1533K, committed 1728K, reserved 1048576K
}
Event: 4.186 GC heap before
{Heap before GC invocations=2 (full 0):
 garbage-first heap   total reserved 1572864K, committed 262144K, used 66228K [0x00000000a0000000, 0x0000000100000000)
  region size 1024K, 60 young (61440K), 14 survivors (14336K)
 Metaspace       used 20850K, committed 21504K, reserved 1114112K
  class space    used 2259K, committed 2560K, reserved 1048576K
}
Event: 4.193 GC heap after
{Heap after GC invocations=3 (full 0):
 garbage-first heap   total reserved 1572864K, committed 262144K, used 24864K [0x00000000a0000000, 0x0000000100000000)
  region size 1024K, 12 young (12288K), 12 survivors (12288K)
 Metaspace       used 20850K, committed 21504K, reserved 1114112K
  class space    used 2259K, committed 2560K, reserved 1048576K
}
Event: 5.407 GC heap before
{Heap before GC invocations=4 (full 0):
 garbage-first heap   total reserved 1572864K, committed 89088K, used 86304K [0x00000000a0000000, 0x0000000100000000)
  region size 1024K, 73 young (74752K), 12 survivors (12288K)
 Metaspace       used 27773K, committed 28736K, reserved 1114112K
  class space    used 3114K, committed 3520K, reserved 1048576K
}
Event: 5.415 GC heap after
{Heap after GC invocations=5 (full 0):
 garbage-first heap   total reserved 1572864K, committed 107520K, used 30285K [0x00000000a0000000, 0x0000000100000000)
  region size 1024K, 9 young (9216K), 9 survivors (9216K)
 Metaspace       used 27773K, committed 28736K, reserved 1114112K
  class space    used 3114K, committed 3520K, reserved 1048576K
}
Event: 6.520 GC heap before
{Heap before GC invocations=5 (full 0):
 garbage-first heap   total reserved 1572864K, committed 107520K, used 69197K [0x00000000a0000000, 0x0000000100000000)
  region size 1024K, 49 young (50176K), 9 survivors (9216K)
 Metaspace       used 34979K, committed 35968K, reserved 1114112K
  class space    used 3844K, committed 4288K, reserved 1048576K
}
Event: 6.526 GC heap after
{Heap after GC invocations=6 (full 0):
 garbage-first heap   total reserved 1572864K, committed 107520K, used 34452K [0x00000000a0000000, 0x0000000100000000)
  region size 1024K, 5 young (5120K), 5 survivors (5120K)
 Metaspace       used 34979K, committed 35968K, reserved 1114112K
  class space    used 3844K, committed 4288K, reserved 1048576K
}
Event: 6.590 GC heap before
{Heap before GC invocations=6 (full 0):
 garbage-first heap   total reserved 1572864K, committed 107520K, used 37524K [0x00000000a0000000, 0x0000000100000000)
  region size 1024K, 9 young (9216K), 5 survivors (5120K)
 Metaspace       used 35292K, committed 36288K, reserved 1114112K
  class space    used 3865K, committed 4352K, reserved 1048576K
}
Event: 6.593 GC heap after
{Heap after GC invocations=7 (full 0):
 garbage-first heap   total reserved 1572864K, committed 107520K, used 35029K [0x00000000a0000000, 0x0000000100000000)
  region size 1024K, 1 young (1024K), 1 survivors (1024K)
 Metaspace       used 35292K, committed 36288K, reserved 1114112K
  class space    used 3865K, committed 4352K, reserved 1048576K
}

